{"total": {"lines":{"total":526,"covered":500,"skipped":0,"pct":95.05},"statements":{"total":534,"covered":504,"skipped":0,"pct":94.38},"functions":{"total":84,"covered":76,"skipped":0,"pct":90.47},"branches":{"total":309,"covered":211,"skipped":0,"pct":68.28},"branchesTrue":{"total":0,"covered":0,"skipped":0,"pct":"Unknown"}}
,"C:\\Users\\User\\Desktop\\Nova pasta\\PROJETOS\\Omni Transcribe\\src\\interfaces\\web\\static\\js\\core.js": {"lines":{"total":52,"covered":52,"skipped":0,"pct":100},"functions":{"total":12,"covered":12,"skipped":0,"pct":100},"statements":{"total":54,"covered":54,"skipped":0,"pct":100},"branches":{"total":26,"covered":21,"skipped":0,"pct":80.76}}
,"C:\\Users\\User\\Desktop\\Nova pasta\\PROJETOS\\Omni Transcribe\\src\\interfaces\\web\\static\\js\\dashboard.js": {"lines":{"total":144,"covered":134,"skipped":0,"pct":93.05},"functions":{"total":17,"covered":15,"skipped":0,"pct":88.23},"statements":{"total":146,"covered":136,"skipped":0,"pct":93.15},"branches":{"total":90,"covered":62,"skipped":0,"pct":68.88}}
,"C:\\Users\\User\\Desktop\\Nova pasta\\PROJETOS\\Omni Transcribe\\src\\interfaces\\web\\static\\js\\global.js": {"lines":{"total":33,"covered":32,"skipped":0,"pct":96.96},"functions":{"total":12,"covered":12,"skipped":0,"pct":100},"statements":{"total":33,"covered":32,"skipped":0,"pct":96.96},"branches":{"total":20,"covered":11,"skipped":0,"pct":55}}
,"C:\\Users\\User\\Desktop\\Nova pasta\\PROJETOS\\Omni Transcribe\\src\\interfaces\\web\\static\\js\\jobs.js": {"lines":{"total":190,"covered":180,"skipped":0,"pct":94.73},"functions":{"total":24,"covered":22,"skipped":0,"pct":91.66},"statements":{"total":191,"covered":180,"skipped":0,"pct":94.24},"branches":{"total":103,"covered":70,"skipped":0,"pct":67.96}}
,"C:\\Users\\User\\Desktop\\Nova pasta\\PROJETOS\\Omni Transcribe\\src\\interfaces\\web\\static\\js\\settings.js": {"lines":{"total":107,"covered":102,"skipped":0,"pct":95.32},"functions":{"total":19,"covered":15,"skipped":0,"pct":78.94},"statements":{"total":110,"covered":102,"skipped":0,"pct":92.72},"branches":{"total":70,"covered":47,"skipped":0,"pct":67.14}}
}
