TN:
SF:src\interfaces\web\static\js\core.js
FN:10,getCsrfToken
FN:19,withCsrf
FN:27,appendCsrf
FN:35,setSurfaceLoading
FN:40,(anonymous_4)
FN:45,(anonymous_5)
FN:51,showToast
FN:77,(anonymous_7)
FN:78,(anonymous_8)
FN:80,(anonymous_9)
FN:84,updateLabelState
FN:85,(anonymous_11)
FNF:12
FNH:12
FNDA:30,getCsrfToken
FNDA:18,withCsrf
FNDA:9,appendCsrf
FNDA:63,setSurfaceLoading
FNDA:41,(anonymous_4)
FNDA:85,(anonymous_5)
FNDA:18,showToast
FNDA:18,(anonymous_7)
FNDA:1,(anonymous_8)
FNDA:1,(anonymous_9)
FNDA:18,updateLabelState
FNDA:18,(anonymous_11)
DA:1,38
DA:3,38
DA:11,30
DA:12,17
DA:14,13
DA:15,13
DA:16,13
DA:20,18
DA:21,18
DA:22,14
DA:24,4
DA:28,9
DA:29,9
DA:30,8
DA:32,9
DA:40,63
DA:41,41
DA:42,41
DA:43,41
DA:45,63
DA:46,85
DA:47,85
DA:52,18
DA:53,18
DA:54,18
DA:55,18
DA:56,18
DA:58,18
DA:59,18
DA:60,18
DA:61,18
DA:63,18
DA:64,18
DA:65,18
DA:66,18
DA:67,18
DA:68,18
DA:69,18
DA:71,18
DA:72,18
DA:73,18
DA:74,18
DA:76,18
DA:77,18
DA:78,18
DA:79,1
DA:80,1
DA:85,18
DA:86,18
DA:87,18
DA:88,17
DA:90,1
LF:52
LH:52
BRDA:11,0,0,17
BRDA:11,0,1,13
BRDA:15,1,0,13
BRDA:15,1,1,2
BRDA:19,2,0,1
BRDA:21,3,0,14
BRDA:21,3,1,4
BRDA:29,4,0,8
BRDA:29,4,1,1
BRDA:29,5,0,9
BRDA:29,5,1,9
BRDA:51,6,0,0
BRDA:51,7,0,13
BRDA:52,8,0,18
BRDA:52,8,1,0
BRDA:60,9,0,18
BRDA:60,9,1,18
BRDA:60,9,2,0
BRDA:65,10,0,18
BRDA:65,10,1,13
BRDA:65,10,2,0
BRDA:66,11,0,18
BRDA:66,11,1,0
BRDA:84,12,0,1
BRDA:87,13,0,17
BRDA:87,13,1,1
BRF:26
BRH:21
end_of_record
TN:
SF:src\interfaces\web\static\js\dashboard.js
FN:3,bindLiveSummary
FN:19,(anonymous_1)
FN:31,(anonymous_2)
FN:38,(anonymous_3)
FN:42,(anonymous_4)
FN:62,(anonymous_5)
FN:73,(anonymous_6)
FN:101,(anonymous_7)
FN:107,(anonymous_8)
FN:110,bindLiveIncidents
FN:128,(anonymous_10)
FN:140,(anonymous_11)
FN:152,(anonymous_12)
FN:187,(anonymous_13)
FN:216,(anonymous_14)
FN:221,(anonymous_15)
FN:224,initDashboard
FNF:17
FNH:15
FNDA:15,bindLiveSummary
FNDA:11,(anonymous_1)
FNDA:5,(anonymous_2)
FNDA:3,(anonymous_3)
FNDA:6,(anonymous_4)
FNDA:11,(anonymous_5)
FNDA:9,(anonymous_6)
FNDA:0,(anonymous_7)
FNDA:36,(anonymous_8)
FNDA:15,bindLiveIncidents
FNDA:4,(anonymous_10)
FNDA:3,(anonymous_11)
FNDA:2,(anonymous_12)
FNDA:4,(anonymous_13)
FNDA:0,(anonymous_14)
FNDA:17,(anonymous_15)
FNDA:15,initDashboard
DA:4,15
DA:9,12
DA:14,11
DA:15,11
DA:16,11
DA:17,11
DA:19,11
DA:20,11
DA:21,1
DA:23,10
DA:24,10
DA:25,10
DA:27,0
DA:31,11
DA:32,5
DA:33,2
DA:35,3
DA:38,11
DA:39,3
DA:40,0
DA:42,3
DA:43,6
DA:44,6
DA:45,0
DA:47,6
DA:48,6
DA:49,3
DA:50,3
DA:51,3
DA:52,2
DA:53,2
DA:55,1
DA:56,1
DA:58,6
DA:62,11
DA:63,11
DA:64,10
DA:66,11
DA:67,11
DA:68,10
DA:69,2
DA:71,8
DA:72,8
DA:73,8
DA:74,9
DA:75,9
DA:76,9
DA:80,8
DA:81,3
DA:83,8
DA:84,3
DA:85,3
DA:86,3
DA:88,5
DA:90,8
DA:92,3
DA:94,11
DA:95,10
DA:100,11
DA:101,11
DA:102,0
DA:103,0
DA:107,36
DA:111,15
DA:116,5
DA:121,4
DA:122,4
DA:123,4
DA:124,4
DA:125,4
DA:126,4
DA:128,4
DA:129,4
DA:130,0
DA:132,4
DA:133,4
DA:134,4
DA:136,0
DA:140,4
DA:141,3
DA:142,0
DA:144,3
DA:145,3
DA:146,1
DA:147,1
DA:148,1
DA:149,1
DA:150,1
DA:152,2
DA:153,2
DA:154,2
DA:155,2
DA:156,2
DA:157,2
DA:158,2
DA:159,2
DA:160,2
DA:161,2
DA:162,2
DA:163,2
DA:164,2
DA:165,2
DA:166,2
DA:167,2
DA:168,2
DA:169,2
DA:170,2
DA:171,2
DA:172,2
DA:173,2
DA:174,2
DA:175,2
DA:176,1
DA:177,1
DA:178,1
DA:179,1
DA:181,2
DA:182,2
DA:183,2
DA:187,4
DA:188,4
DA:189,4
DA:191,4
DA:192,4
DA:193,4
DA:194,1
DA:196,3
DA:197,3
DA:198,3
DA:199,2
DA:200,2
DA:201,2
DA:203,1
DA:205,3
DA:207,1
DA:209,4
DA:210,4
DA:215,4
DA:216,4
DA:217,0
DA:218,0
DA:221,17
DA:225,15
DA:226,15
LF:144
LH:134
BRDA:14,0,0,11
BRDA:14,0,1,1
BRDA:16,1,0,11
BRDA:16,1,1,1
BRDA:16,1,2,1
BRDA:19,2,0,0
BRDA:20,3,0,1
BRDA:20,3,1,10
BRDA:24,4,0,10
BRDA:24,4,1,0
BRDA:32,5,0,2
BRDA:32,5,1,3
BRDA:32,6,0,5
BRDA:32,6,1,4
BRDA:39,7,0,0
BRDA:39,7,1,3
BRDA:44,8,0,0
BRDA:44,8,1,6
BRDA:48,9,0,3
BRDA:48,9,1,3
BRDA:50,10,0,3
BRDA:50,10,1,1
BRDA:51,11,0,2
BRDA:51,11,1,1
BRDA:53,12,0,1
BRDA:53,12,1,1
BRDA:56,13,0,1
BRDA:56,13,1,0
BRDA:56,14,0,0
BRDA:56,14,1,0
BRDA:63,15,0,10
BRDA:63,15,1,1
BRDA:63,16,0,11
BRDA:63,16,1,11
BRDA:68,17,0,2
BRDA:68,17,1,8
BRDA:72,18,0,8
BRDA:72,18,1,0
BRDA:75,19,0,9
BRDA:75,19,1,0
BRDA:80,20,0,3
BRDA:80,20,1,5
BRDA:83,21,0,3
BRDA:83,21,1,5
BRDA:94,22,0,10
BRDA:94,22,1,1
BRDA:102,23,0,0
BRDA:102,23,1,0
BRDA:123,24,0,4
BRDA:123,24,1,0
BRDA:124,25,0,4
BRDA:124,25,1,0
BRDA:125,26,0,4
BRDA:125,26,1,0
BRDA:125,26,2,0
BRDA:128,27,0,0
BRDA:129,28,0,0
BRDA:129,28,1,4
BRDA:133,29,0,4
BRDA:133,29,1,0
BRDA:141,30,0,0
BRDA:141,30,1,3
BRDA:145,31,0,1
BRDA:145,31,1,2
BRDA:157,32,0,2
BRDA:157,32,1,0
BRDA:160,33,0,2
BRDA:160,33,1,2
BRDA:163,34,0,2
BRDA:163,34,1,0
BRDA:165,35,0,2
BRDA:165,35,1,0
BRDA:173,36,0,2
BRDA:173,36,1,0
BRDA:175,37,0,1
BRDA:175,37,1,1
BRDA:188,38,0,4
BRDA:188,38,1,0
BRDA:188,39,0,4
BRDA:188,39,1,4
BRDA:193,40,0,1
BRDA:193,40,1,3
BRDA:197,41,0,3
BRDA:197,41,1,0
BRDA:198,42,0,2
BRDA:198,42,1,1
BRDA:209,43,0,4
BRDA:209,43,1,0
BRDA:217,44,0,0
BRDA:217,44,1,0
BRF:90
BRH:62
end_of_record
TN:
SF:src\interfaces\web\static\js\global.js
FN:3,bindConfirmForms
FN:4,(anonymous_1)
FN:5,(anonymous_2)
FN:23,bindSurfaceForms
FN:24,(anonymous_4)
FN:31,(anonymous_5)
FN:47,bindSkeletonTriggers
FN:48,(anonymous_7)
FN:50,(anonymous_8)
FN:59,bindFlashToasts
FN:60,(anonymous_10)
FN:69,initGlobal
FNF:12
FNH:12
FNDA:7,bindConfirmForms
FNDA:2,(anonymous_1)
FNDA:2,(anonymous_2)
FNDA:7,bindSurfaceForms
FNDA:3,(anonymous_4)
FNDA:1,(anonymous_5)
FNDA:7,bindSkeletonTriggers
FNDA:2,(anonymous_7)
FNDA:2,(anonymous_8)
FNDA:7,bindFlashToasts
FNDA:1,(anonymous_10)
FNDA:7,initGlobal
DA:4,7
DA:5,2
DA:6,2
DA:12,1
DA:13,1
DA:14,1
DA:15,1
DA:16,1
DA:17,1
DA:24,7
DA:29,1
DA:32,1
DA:33,0
DA:35,1
DA:36,1
DA:37,1
DA:38,1
DA:39,1
DA:48,7
DA:49,2
DA:50,2
DA:51,2
DA:52,2
DA:53,2
DA:60,7
DA:61,1
DA:62,1
DA:63,1
DA:64,1
DA:70,7
DA:71,7
DA:72,7
DA:73,7
LF:33
LH:32
BRDA:6,0,0,2
BRDA:6,0,1,0
BRDA:13,1,0,1
BRDA:13,1,1,0
BRDA:14,2,0,1
BRDA:14,2,1,0
BRDA:15,3,0,1
BRDA:15,3,1,0
BRDA:32,4,0,0
BRDA:32,4,1,1
BRDA:38,5,0,1
BRDA:38,5,1,0
BRDA:49,6,0,1
BRDA:49,6,1,1
BRDA:52,7,0,2
BRDA:52,7,1,0
BRDA:61,8,0,1
BRDA:61,8,1,0
BRDA:63,9,0,1
BRDA:63,9,1,0
BRF:20
BRH:11
end_of_record
TN:
SF:src\interfaces\web\static\js\jobs.js
FN:4,bindArtifactPreview
FN:14,(anonymous_1)
FN:22,(anonymous_2)
FN:26,(anonymous_3)
FN:32,(anonymous_4)
FN:38,(anonymous_5)
FN:39,(anonymous_6)
FN:71,bindProcessActions
FN:72,(anonymous_8)
FN:77,(anonymous_9)
FN:106,(anonymous_10)
FN:137,initJobDetail
FN:144,bindTemplateSelector
FN:150,(anonymous_13)
FN:163,bindJobLogs
FN:180,(anonymous_15)
FN:193,(anonymous_16)
FN:217,(anonymous_17)
FN:220,(anonymous_18)
FN:264,(anonymous_19)
FN:273,(anonymous_20)
FN:279,(anonymous_21)
FN:286,(anonymous_22)
FN:287,(anonymous_23)
FNF:24
FNH:22
FNDA:17,bindArtifactPreview
FNDA:5,(anonymous_1)
FNDA:4,(anonymous_2)
FNDA:2,(anonymous_3)
FNDA:2,(anonymous_4)
FNDA:4,(anonymous_5)
FNDA:7,(anonymous_6)
FNDA:17,bindProcessActions
FNDA:4,(anonymous_8)
FNDA:4,(anonymous_9)
FNDA:0,(anonymous_10)
FNDA:17,initJobDetail
FNDA:17,bindTemplateSelector
FNDA:2,(anonymous_13)
FNDA:17,bindJobLogs
FNDA:7,(anonymous_15)
FNDA:3,(anonymous_16)
FNDA:16,(anonymous_17)
FNDA:8,(anonymous_18)
FNDA:1,(anonymous_19)
FNDA:0,(anonymous_20)
FNDA:1,(anonymous_21)
FNDA:6,(anonymous_22)
FNDA:2,(anonymous_23)
DA:5,17
DA:6,17
DA:7,13
DA:9,4
DA:10,4
DA:11,4
DA:12,4
DA:14,4
DA:15,5
DA:16,5
DA:17,5
DA:18,5
DA:22,4
DA:23,4
DA:26,4
DA:27,2
DA:28,1
DA:32,4
DA:33,2
DA:34,2
DA:38,4
DA:39,4
DA:40,7
DA:41,7
DA:42,7
DA:43,7
DA:44,0
DA:46,7
DA:47,1
DA:48,1
DA:50,6
DA:51,6
DA:52,6
DA:53,6
DA:54,6
DA:55,6
DA:56,6
DA:57,6
DA:58,6
DA:59,1
DA:61,5
DA:62,5
DA:64,1
DA:65,1
DA:72,17
DA:73,4
DA:74,4
DA:75,0
DA:77,4
DA:78,4
DA:79,1
DA:81,3
DA:82,3
DA:83,3
DA:85,3
DA:87,3
DA:88,3
DA:89,3
DA:90,3
DA:92,3
DA:93,3
DA:94,3
DA:96,3
DA:97,3
DA:98,3
DA:103,3
DA:104,1
DA:106,2
DA:108,2
DA:109,2
DA:110,2
DA:111,2
DA:112,2
DA:113,2
DA:117,1
DA:118,1
DA:119,1
DA:120,1
DA:121,1
DA:124,3
DA:125,3
DA:126,3
DA:127,3
DA:128,3
DA:129,0
DA:138,17
DA:139,17
DA:140,17
DA:141,17
DA:145,17
DA:146,17
DA:147,16
DA:149,1
DA:150,1
DA:151,2
DA:152,0
DA:154,2
DA:155,2
DA:156,2
DA:159,1
DA:160,1
DA:164,17
DA:165,17
DA:166,11
DA:168,6
DA:169,6
DA:170,6
DA:171,6
DA:172,6
DA:173,6
DA:174,6
DA:175,6
DA:176,6
DA:177,6
DA:178,6
DA:180,6
DA:181,7
DA:182,0
DA:184,7
DA:185,6
DA:187,7
DA:188,4
DA:189,4
DA:190,4
DA:191,4
DA:193,3
DA:194,3
DA:195,3
DA:196,3
DA:197,3
DA:198,3
DA:199,3
DA:200,3
DA:201,3
DA:202,3
DA:203,3
DA:204,3
DA:205,3
DA:208,3
DA:209,3
DA:210,3
DA:211,3
DA:212,3
DA:213,3
DA:217,6
DA:218,16
DA:220,6
DA:221,8
DA:222,0
DA:224,8
DA:225,8
DA:226,8
DA:227,8
DA:233,8
DA:236,8
DA:237,1
DA:239,7
DA:240,7
DA:241,7
DA:242,7
DA:243,7
DA:244,7
DA:249,7
DA:250,7
DA:251,7
DA:253,7
DA:254,7
DA:257,1
DA:258,1
DA:260,8
DA:264,6
DA:265,1
DA:266,1
DA:270,1
DA:273,6
DA:274,0
DA:275,0
DA:276,0
DA:279,6
DA:280,1
DA:281,1
DA:282,1
DA:286,6
DA:287,6
DA:288,2
DA:289,0
DA:291,2
DA:292,2
DA:297,2
DA:301,6
LF:190
LH:180
BRDA:6,0,0,13
BRDA:6,0,1,4
BRDA:17,1,0,5
BRDA:17,1,1,0
BRDA:27,2,0,1
BRDA:27,2,1,1
BRDA:33,3,0,2
BRDA:33,3,1,0
BRDA:33,4,0,2
BRDA:33,4,1,2
BRDA:41,5,0,7
BRDA:41,5,1,0
BRDA:42,6,0,7
BRDA:42,6,1,0
BRDA:43,7,0,0
BRDA:43,7,1,7
BRDA:46,8,0,1
BRDA:46,8,1,6
BRDA:58,9,0,1
BRDA:58,9,1,5
BRDA:62,10,0,5
BRDA:62,10,1,1
BRDA:74,11,0,0
BRDA:74,11,1,4
BRDA:78,12,0,1
BRDA:78,12,1,3
BRDA:82,13,0,3
BRDA:82,13,1,0
BRDA:83,14,0,3
BRDA:83,14,1,3
BRDA:85,15,0,3
BRDA:85,15,1,1
BRDA:88,16,0,3
BRDA:88,16,1,0
BRDA:92,17,0,3
BRDA:92,17,1,0
BRDA:103,18,0,1
BRDA:103,18,1,2
BRDA:108,19,0,2
BRDA:108,19,1,1
BRDA:111,20,0,2
BRDA:111,20,1,0
BRDA:117,21,0,1
BRDA:117,21,1,1
BRDA:119,22,0,1
BRDA:119,22,1,0
BRDA:125,23,0,3
BRDA:125,23,1,0
BRDA:128,24,0,0
BRDA:128,24,1,3
BRDA:146,25,0,16
BRDA:146,25,1,1
BRDA:151,26,0,0
BRDA:151,26,1,2
BRDA:155,27,0,2
BRDA:155,27,1,0
BRDA:156,28,0,2
BRDA:156,28,1,0
BRDA:165,29,0,11
BRDA:165,29,1,6
BRDA:180,30,0,0
BRDA:181,31,0,0
BRDA:181,31,1,7
BRDA:184,32,0,6
BRDA:184,32,1,1
BRDA:187,33,0,4
BRDA:187,33,1,3
BRDA:187,34,0,7
BRDA:187,34,1,4
BRDA:197,35,0,3
BRDA:197,35,1,0
BRDA:198,36,0,3
BRDA:198,36,1,0
BRDA:201,37,0,3
BRDA:201,37,1,0
BRDA:203,38,0,3
BRDA:203,38,1,0
BRDA:205,39,0,3
BRDA:205,39,1,0
BRDA:220,40,0,0
BRDA:220,41,0,7
BRDA:221,42,0,0
BRDA:221,42,1,8
BRDA:236,43,0,1
BRDA:236,43,1,7
BRDA:240,44,0,7
BRDA:240,44,1,0
BRDA:244,45,0,6
BRDA:244,45,1,1
BRDA:250,46,0,7
BRDA:250,46,1,0
BRDA:253,47,0,7
BRDA:253,47,1,0
BRDA:267,48,0,1
BRDA:267,48,1,0
BRDA:268,49,0,1
BRDA:268,49,1,0
BRDA:280,50,0,1
BRDA:280,50,1,0
BRDA:288,51,0,0
BRDA:288,51,1,2
BRDA:291,52,0,2
BRDA:291,52,1,0
BRF:103
BRH:70
end_of_record
TN:
SF:src\interfaces\web\static\js\settings.js
FN:3,bindAjaxForms
FN:4,(anonymous_1)
FN:6,(anonymous_2)
FN:39,(anonymous_3)
FN:46,(anonymous_4)
FN:69,bindTemplateActions
FN:77,(anonymous_6)
FN:78,(anonymous_7)
FN:81,(anonymous_8)
FN:82,(anonymous_9)
FN:90,(anonymous_10)
FN:91,(anonymous_11)
FN:106,(anonymous_12)
FN:124,(anonymous_13)
FN:125,(anonymous_14)
FN:143,(anonymous_15)
FN:144,(anonymous_16)
FN:186,initSettings
FN:190,initTemplateSettings
FNF:19
FNH:15
FNDA:5,bindAjaxForms
FNDA:5,(anonymous_1)
FNDA:5,(anonymous_2)
FNDA:0,(anonymous_3)
FNDA:1,(anonymous_4)
FNDA:8,bindTemplateActions
FNDA:7,(anonymous_6)
FNDA:0,(anonymous_7)
FNDA:7,(anonymous_8)
FNDA:5,(anonymous_9)
FNDA:0,(anonymous_10)
FNDA:0,(anonymous_11)
FNDA:1,(anonymous_12)
FNDA:7,(anonymous_13)
FNDA:3,(anonymous_14)
FNDA:14,(anonymous_15)
FNDA:3,(anonymous_16)
FNDA:5,initSettings
FNDA:8,initTemplateSettings
DA:4,5
DA:5,5
DA:6,5
DA:7,5
DA:8,1
DA:10,4
DA:11,4
DA:12,4
DA:13,4
DA:14,4
DA:15,4
DA:16,4
DA:17,4
DA:19,4
DA:20,4
DA:22,4
DA:23,4
DA:24,4
DA:25,4
DA:26,4
DA:27,4
DA:36,4
DA:37,3
DA:39,1
DA:41,1
DA:42,1
DA:43,1
DA:44,1
DA:47,1
DA:51,3
DA:52,3
DA:54,4
DA:55,4
DA:57,4
DA:58,4
DA:59,4
DA:60,4
DA:61,4
DA:70,8
DA:75,7
DA:76,7
DA:77,7
DA:78,7
DA:80,7
DA:81,7
DA:82,7
DA:83,5
DA:88,5
DA:90,0
DA:91,5
DA:92,5
DA:93,1
DA:94,1
DA:96,4
DA:97,4
DA:99,4
DA:101,4
DA:102,4
DA:103,4
DA:106,7
DA:107,1
DA:108,1
DA:109,1
DA:110,1
DA:111,1
DA:116,1
DA:117,1
DA:118,1
DA:120,0
DA:124,7
DA:125,7
DA:126,3
DA:127,3
DA:128,1
DA:130,2
DA:134,2
DA:135,1
DA:136,1
DA:138,1
DA:139,1
DA:143,7
DA:144,14
DA:145,3
DA:147,3
DA:148,2
DA:149,1
DA:150,1
DA:152,3
DA:153,0
DA:155,3
DA:156,3
DA:157,1
DA:158,1
DA:160,2
DA:161,2
DA:162,2
DA:163,2
DA:164,2
DA:169,2
DA:170,0
DA:172,2
DA:173,2
DA:176,2
DA:177,2
DA:180,0
DA:187,5
DA:191,8
LF:107
LH:102
BRDA:7,0,0,1
BRDA:7,0,1,4
BRDA:11,1,0,4
BRDA:11,1,1,0
BRDA:13,2,0,4
BRDA:13,2,1,0
BRDA:14,3,0,4
BRDA:14,3,1,0
BRDA:15,4,0,4
BRDA:15,4,1,2
BRDA:19,5,0,4
BRDA:19,5,1,0
BRDA:23,6,0,4
BRDA:23,6,1,0
BRDA:24,7,0,4
BRDA:24,7,1,4
BRDA:36,8,0,3
BRDA:36,8,1,1
BRDA:41,9,0,1
BRDA:41,9,1,1
BRDA:41,9,2,0
BRDA:43,10,0,1
BRDA:43,10,1,0
BRDA:43,11,0,1
BRDA:43,11,1,1
BRDA:51,12,0,3
BRDA:51,12,1,2
BRDA:54,13,0,4
BRDA:54,13,1,0
BRDA:57,14,0,4
BRDA:57,14,1,0
BRDA:60,15,0,4
BRDA:60,15,1,0
BRDA:92,16,0,1
BRDA:92,16,1,4
BRDA:98,17,0,4
BRDA:98,17,1,0
BRDA:98,17,2,0
BRDA:100,18,0,4
BRDA:100,18,1,0
BRDA:100,18,2,0
BRDA:101,19,0,4
BRDA:101,19,1,0
BRDA:101,19,2,0
BRDA:102,20,0,4
BRDA:102,20,1,0
BRDA:116,21,0,1
BRDA:116,21,1,0
BRDA:127,22,0,1
BRDA:127,22,1,2
BRDA:127,23,0,3
BRDA:127,23,1,3
BRDA:134,24,0,1
BRDA:134,24,1,1
BRDA:147,25,0,2
BRDA:147,25,1,1
BRDA:149,26,0,1
BRDA:149,26,1,0
BRDA:152,27,0,0
BRDA:152,27,1,3
BRDA:156,28,0,1
BRDA:156,28,1,2
BRDA:156,29,0,3
BRDA:156,29,1,3
BRDA:169,30,0,0
BRDA:169,30,1,2
BRDA:176,31,0,2
BRDA:176,31,1,0
BRDA:177,32,0,2
BRDA:177,32,1,0
BRF:70
BRH:47
end_of_record
