TN:
SF:src\interfaces\web\static\js\core.js
FN:10,getCsrfToken
FN:19,withCsrf
FN:27,appendCsrf
FN:35,setSurfaceLoading
FN:40,(anonymous_4)
FN:45,(anonymous_5)
FN:51,showToast
FN:77,(anonymous_7)
FN:78,(anonymous_8)
FN:80,(anonymous_9)
FN:84,updateLabelState
FN:85,(anonymous_11)
FNF:12
FNH:12
FNDA:30,getCsrfToken
FNDA:18,withCsrf
FNDA:9,appendCsrf
FNDA:63,setSurfaceLoading
FNDA:41,(anonymous_4)
FNDA:85,(anonymous_5)
FNDA:18,showToast
FNDA:18,(anonymous_7)
FNDA:1,(anonymous_8)
FNDA:1,(anonymous_9)
FNDA:18,updateLabelState
FNDA:18,(anonymous_11)
DA:1,38
DA:3,38
DA:11,30
DA:12,17
DA:14,13
DA:15,13
DA:16,13
DA:20,18
DA:21,18
DA:22,14
DA:24,4
DA:28,9
DA:29,9
DA:30,8
DA:32,9
DA:40,63
DA:41,41
DA:42,41
DA:43,41
DA:45,63
DA:46,85
DA:47,85
DA:52,18
DA:53,18
DA:54,18
DA:55,18
DA:56,18
DA:58,18
DA:59,18
DA:60,18
DA:61,18
DA:63,18
DA:64,18
DA:65,18
DA:66,18
DA:67,18
DA:68,18
DA:69,18
DA:71,18
DA:72,18
DA:73,18
DA:74,18
DA:76,18
DA:77,18
DA:78,18
DA:79,1
DA:80,1
DA:85,18
DA:86,18
DA:87,18
DA:88,17
DA:90,1
LF:52
LH:52
BRDA:11,0,0,17
BRDA:11,0,1,13
BRDA:15,1,0,13
BRDA:15,1,1,2
BRDA:19,2,0,1
BRDA:21,3,0,14
BRDA:21,3,1,4
BRDA:29,4,0,8
BRDA:29,4,1,1
BRDA:29,5,0,9
BRDA:29,5,1,9
BRDA:51,6,0,0
BRDA:51,7,0,13
BRDA:52,8,0,18
BRDA:52,8,1,0
BRDA:60,9,0,18
BRDA:60,9,1,18
BRDA:60,9,2,0
BRDA:65,10,0,18
BRDA:65,10,1,13
BRDA:65,10,2,0
BRDA:66,11,0,18
BRDA:66,11,1,0
BRDA:84,12,0,1
BRDA:87,13,0,17
BRDA:87,13,1,1
BRF:26
BRH:21
end_of_record
TN:
SF:src\interfaces\web\static\js\dashboard.js
FN:3,bindLiveSummary
FN:19,(anonymous_1)
FN:31,(anonymous_2)
FN:38,(anonymous_3)
FN:42,(anonymous_4)
FN:62,(anonymous_5)
FN:73,(anonymous_6)
FN:101,(anonymous_7)
FN:107,(anonymous_8)
FN:110,bindLiveIncidents
FN:128,(anonymous_10)
FN:140,(anonymous_11)
FN:152,(anonymous_12)
FN:187,(anonymous_13)
FN:216,(anonymous_14)
FN:221,(anonymous_15)
FN:224,initDashboard
FNF:17
FNH:15
FNDA:15,bindLiveSummary
FNDA:11,(anonymous_1)
FNDA:5,(anonymous_2)
FNDA:3,(anonymous_3)
FNDA:6,(anonymous_4)
FNDA:11,(anonymous_5)
FNDA:9,(anonymous_6)
FNDA:0,(anonymous_7)
FNDA:36,(anonymous_8)
FNDA:15,bindLiveIncidents
FNDA:4,(anonymous_10)
FNDA:3,(anonymous_11)
FNDA:2,(anonymous_12)
FNDA:4,(anonymous_13)
FNDA:0,(anonymous_14)
FNDA:17,(anonymous_15)
FNDA:15,initDashboard
DA:4,15
DA:9,12
DA:14,11
DA:15,11
DA:16,11
DA:17,11
DA:19,11
DA:20,11
DA:21,1
DA:23,10
DA:24,10
DA:25,10
DA:27,0
DA:31,11
DA:32,5
DA:33,2
DA:35,3
DA:38,11
DA:39,3
DA:40,0
DA:42,3
DA:43,6
DA:44,6
DA:45,0
DA:47,6
DA:48,6
DA:49,3
DA:50,3
DA:51,3
DA:52,2
DA:53,2
DA:55,1
DA:56,1
DA:58,6
DA:62,11
DA:63,11
DA:64,10
DA:66,11
DA:67,11
DA:68,10
DA:69,2
DA:71,8
DA:72,8
DA:73,8
DA:74,9
DA:75,9
DA:76,9
DA:80,8
DA:81,3
DA:83,8
DA:84,3
DA:85,3
DA:86,3
DA:88,5
DA:90,8
DA:92,3
DA:94,11
DA:95,10
DA:100,11
DA:101,11
DA:102,0
DA:103,0
DA:107,36
DA:111,15
DA:116,5
DA:121,4
DA:122,4
DA:123,4
DA:124,4
DA:125,4
DA:126,4
DA:128,4
DA:129,4
DA:130,0
DA:132,4
DA:133,4
DA:134,4
DA:136,0
DA:140,4
DA:141,3
DA:142,0
DA:144,3
DA:145,3
DA:146,1
DA:147,1
DA:148,1
DA:149,1
DA:150,1
DA:152,2
DA:153,2
DA:154,2
DA:155,2
DA:156,2
DA:157,2
DA:158,2
DA:159,2
DA:160,2
DA:161,2
DA:162,2
DA:163,2
DA:164,2
DA:165,2
DA:166,2
DA:167,2
DA:168,2
DA:169,2
DA:170,2
DA:171,2
DA:172,2
DA:173,2
DA:174,2
DA:175,2
DA:176,1
DA:177,1
DA:178,1
DA:179,1
DA:181,2
DA:182,2
DA:183,2
DA:187,4
DA:188,4
DA:189,4
DA:191,4
DA:192,4
DA:193,4
DA:194,1
DA:196,3
DA:197,3
DA:198,3
DA:199,2
DA:200,2
DA:201,2
DA:203,1
DA:205,3
DA:207,1
DA:209,4
DA:210,4
DA:215,4
DA:216,4
DA:217,0
DA:218,0
DA:221,17
DA:225,15
DA:226,15
LF:144
LH:134
BRDA:14,0,0,11
BRDA:14,0,1,1
BRDA:16,1,0,11
BRDA:16,1,1,1
BRDA:16,1,2,1
BRDA:19,2,0,0
BRDA:20,3,0,1
BRDA:20,3,1,10
BRDA:24,4,0,10
BRDA:24,4,1,0
BRDA:32,5,0,2
BRDA:32,5,1,3
BRDA:32,6,0,5
BRDA:32,6,1,4
BRDA:39,7,0,0
BRDA:39,7,1,3
BRDA:44,8,0,0
BRDA:44,8,1,6
BRDA:48,9,0,3
BRDA:48,9,1,3
BRDA:50,10,0,3
BRDA:50,10,1,1
BRDA:51,11,0,2
BRDA:51,11,1,1
BRDA:53,12,0,1
BRDA:53,12,1,1
BRDA:56,13,0,1
BRDA:56,13,1,0
BRDA:56,14,0,0
BRDA:56,14,1,0
BRDA:63,15,0,10
BRDA:63,15,1,1
BRDA:63,16,0,11
BRDA:63,16,1,11
BRDA:68,17,0,2
BRDA:68,17,1,8
BRDA:72,18,0,8
BRDA:72,18,1,0
BRDA:75,19,0,9
BRDA:75,19,1,0
BRDA:80,20,0,3
BRDA:80,20,1,5
BRDA:83,21,0,3
BRDA:83,21,1,5
BRDA:94,22,0,10
BRDA:94,22,1,1
BRDA:102,23,0,0
BRDA:102,23,1,0
BRDA:123,24,0,4
BRDA:123,24,1,0
BRDA:124,25,0,4
BRDA:124,25,1,0
BRDA:125,26,0,4
BRDA:125,26,1,0
BRDA:125,26,2,0
BRDA:128,27,0,0
BRDA:129,28,0,0
BRDA:129,28,1,4
BRDA:133,29,0,4
BRDA:133,29,1,0
BRDA:141,30,0,0
BRDA:141,30,1,3
BRDA:145,31,0,1
BRDA:145,31,1,2
BRDA:157,32,0,2
BRDA:157,32,1,0
BRDA:160,33,0,2
BRDA:160,33,1,2
BRDA:163,34,0,2
BRDA:163,34,1,0
BRDA:165,35,0,2
BRDA:165,35,1,0
BRDA:173,36,0,2
BRDA:173,36,1,0
BRDA:175,37,0,1
BRDA:175,37,1,1
BRDA:188,38,0,4
BRDA:188,38,1,0
BRDA:188,39,0,4
BRDA:188,39,1,4
BRDA:193,40,0,1
BRDA:193,40,1,3
BRDA:197,41,0,3
BRDA:197,41,1,0
BRDA:198,42,0,2
BRDA:198,42,1,1
BRDA:209,43,0,4
BRDA:209,43,1,0
BRDA:217,44,0,0
BRDA:217,44,1,0
BRF:90
BRH:62
end_of_record
TN:
SF:src\interfaces\web\static\js\global.js
FN:3,bindConfirmForms
FN:4,(anonymous_1)
FN:5,(anonymous_2)
FN:23,bindSurfaceForms
FN:24,(anonymous_4)
FN:31,(anonymous_5)
FN:47,bindSkeletonTriggers
FN:48,(anonymous_7)
FN:50,(anonymous_8)
FN:59,bindFlashToasts
FN:60,(anonymous_10)
FN:69,bindNavToggle
FN:75,(anonymous_12)
FN:81,bindFileInputs
FN:82,(anonymous_14)
FN:88,(anonymous_15)
FN:95,initGlobal
FNF:17
FNH:14
FNDA:7,bindConfirmForms
FNDA:2,(anonymous_1)
FNDA:2,(anonymous_2)
FNDA:7,bindSurfaceForms
FNDA:3,(anonymous_4)
FNDA:1,(anonymous_5)
FNDA:7,bindSkeletonTriggers
FNDA:2,(anonymous_7)
FNDA:2,(anonymous_8)
FNDA:7,bindFlashToasts
FNDA:1,(anonymous_10)
FNDA:7,bindNavToggle
FNDA:0,(anonymous_12)
FNDA:7,bindFileInputs
FNDA:0,(anonymous_14)
FNDA:0,(anonymous_15)
FNDA:7,initGlobal
DA:4,7
DA:5,2
DA:6,2
DA:12,1
DA:13,1
DA:14,1
DA:15,1
DA:16,1
DA:17,1
DA:24,7
DA:29,1
DA:32,1
DA:33,0
DA:35,1
DA:36,1
DA:37,1
DA:38,1
DA:39,1
DA:48,7
DA:49,2
DA:50,2
DA:51,2
DA:52,2
DA:53,2
DA:60,7
DA:61,1
DA:62,1
DA:63,1
DA:64,1
DA:70,7
DA:71,7
DA:72,7
DA:73,7
DA:75,0
DA:76,0
DA:77,0
DA:82,7
DA:83,0
DA:84,0
DA:85,0
DA:86,0
DA:88,0
DA:89,0
DA:90,0
DA:96,7
DA:97,7
DA:98,7
DA:99,7
DA:100,7
DA:101,7
LF:50
LH:39
BRDA:6,0,0,2
BRDA:6,0,1,0
BRDA:13,1,0,1
BRDA:13,1,1,0
BRDA:14,2,0,1
BRDA:14,2,1,0
BRDA:15,3,0,1
BRDA:15,3,1,0
BRDA:32,4,0,0
BRDA:32,4,1,1
BRDA:38,5,0,1
BRDA:38,5,1,0
BRDA:49,6,0,1
BRDA:49,6,1,1
BRDA:52,7,0,2
BRDA:52,7,1,0
BRDA:61,8,0,1
BRDA:61,8,1,0
BRDA:63,9,0,1
BRDA:63,9,1,0
BRDA:72,10,0,7
BRDA:72,10,1,0
BRDA:72,11,0,7
BRDA:72,11,1,0
BRDA:85,12,0,0
BRDA:85,12,1,0
BRDA:85,13,0,0
BRDA:85,13,1,0
BRDA:89,14,0,0
BRDA:89,14,1,0
BRDA:90,15,0,0
BRDA:90,15,1,0
BRF:32
BRH:13
end_of_record
TN:
SF:src\interfaces\web\static\js\jobs.js
FN:4,bindArtifactPreview
FN:14,(anonymous_1)
FN:22,(anonymous_2)
FN:26,(anonymous_3)
FN:32,(anonymous_4)
FN:38,(anonymous_5)
FN:39,(anonymous_6)
FN:71,bindProcessActions
FN:72,(anonymous_8)
FN:77,(anonymous_9)
FN:106,(anonymous_10)
FN:137,initJobDetail
FN:146,bindTemplateSelector
FN:152,(anonymous_13)
FN:165,bindJobLogs
FN:182,(anonymous_15)
FN:195,(anonymous_16)
FN:219,(anonymous_17)
FN:222,(anonymous_18)
FN:266,(anonymous_19)
FN:275,(anonymous_20)
FN:281,(anonymous_21)
FN:288,(anonymous_22)
FN:289,(anonymous_23)
FN:309,bindReactiveFilters
FN:323,(anonymous_25)
FN:329,(anonymous_26)
FN:365,(anonymous_27)
FN:370,(anonymous_28)
FN:371,(anonymous_29)
FN:386,renderJobsTable
FN:392,(anonymous_31)
FN:415,renderEmptyJobs
FN:431,createCell
FN:437,renderAccuracyCell
FN:462,updateSummaryFields
FN:463,(anonymous_36)
FN:491,formatPercentage
FN:498,humanizeStatus
FN:505,(anonymous_39)
FN:509,statusBadgeClass
FN:528,updatePaginationState
FN:534,(anonymous_42)
FN:543,(anonymous_43)
FN:566,bindTemplatePreview
FN:578,(anonymous_45)
FNF:46
FNH:24
FNDA:17,bindArtifactPreview
FNDA:5,(anonymous_1)
FNDA:4,(anonymous_2)
FNDA:2,(anonymous_3)
FNDA:2,(anonymous_4)
FNDA:4,(anonymous_5)
FNDA:7,(anonymous_6)
FNDA:17,bindProcessActions
FNDA:4,(anonymous_8)
FNDA:4,(anonymous_9)
FNDA:0,(anonymous_10)
FNDA:17,initJobDetail
FNDA:17,bindTemplateSelector
FNDA:2,(anonymous_13)
FNDA:17,bindJobLogs
FNDA:7,(anonymous_15)
FNDA:3,(anonymous_16)
FNDA:16,(anonymous_17)
FNDA:8,(anonymous_18)
FNDA:1,(anonymous_19)
FNDA:0,(anonymous_20)
FNDA:1,(anonymous_21)
FNDA:6,(anonymous_22)
FNDA:2,(anonymous_23)
FNDA:17,bindReactiveFilters
FNDA:0,(anonymous_25)
FNDA:0,(anonymous_26)
FNDA:0,(anonymous_27)
FNDA:0,(anonymous_28)
FNDA:0,(anonymous_29)
FNDA:0,renderJobsTable
FNDA:0,(anonymous_31)
FNDA:0,renderEmptyJobs
FNDA:0,createCell
FNDA:0,renderAccuracyCell
FNDA:0,updateSummaryFields
FNDA:0,(anonymous_36)
FNDA:0,formatPercentage
FNDA:0,humanizeStatus
FNDA:0,(anonymous_39)
FNDA:0,statusBadgeClass
FNDA:0,updatePaginationState
FNDA:0,(anonymous_42)
FNDA:0,(anonymous_43)
FNDA:17,bindTemplatePreview
FNDA:0,(anonymous_45)
DA:5,17
DA:6,17
DA:7,13
DA:9,4
DA:10,4
DA:11,4
DA:12,4
DA:14,4
DA:15,5
DA:16,5
DA:17,5
DA:18,5
DA:22,4
DA:23,4
DA:26,4
DA:27,2
DA:28,1
DA:32,4
DA:33,2
DA:34,2
DA:38,4
DA:39,4
DA:40,7
DA:41,7
DA:42,7
DA:43,7
DA:44,0
DA:46,7
DA:47,1
DA:48,1
DA:50,6
DA:51,6
DA:52,6
DA:53,6
DA:54,6
DA:55,6
DA:56,6
DA:57,6
DA:58,6
DA:59,1
DA:61,5
DA:62,5
DA:64,1
DA:65,1
DA:72,17
DA:73,4
DA:74,4
DA:75,0
DA:77,4
DA:78,4
DA:79,1
DA:81,3
DA:82,3
DA:83,3
DA:85,3
DA:87,3
DA:88,3
DA:89,3
DA:90,3
DA:92,3
DA:93,3
DA:94,3
DA:96,3
DA:97,3
DA:98,3
DA:103,3
DA:104,1
DA:106,2
DA:108,2
DA:109,2
DA:110,2
DA:111,2
DA:112,2
DA:113,2
DA:117,1
DA:118,1
DA:119,1
DA:120,1
DA:121,1
DA:124,3
DA:125,3
DA:126,3
DA:127,3
DA:128,3
DA:129,0
DA:138,17
DA:139,17
DA:140,17
DA:141,17
DA:142,17
DA:143,17
DA:147,17
DA:148,17
DA:149,16
DA:151,1
DA:152,1
DA:153,2
DA:154,0
DA:156,2
DA:157,2
DA:158,2
DA:161,1
DA:162,1
DA:166,17
DA:167,17
DA:168,11
DA:170,6
DA:171,6
DA:172,6
DA:173,6
DA:174,6
DA:175,6
DA:176,6
DA:177,6
DA:178,6
DA:179,6
DA:180,6
DA:182,6
DA:183,7
DA:184,0
DA:186,7
DA:187,6
DA:189,7
DA:190,4
DA:191,4
DA:192,4
DA:193,4
DA:195,3
DA:196,3
DA:197,3
DA:198,3
DA:199,3
DA:200,3
DA:201,3
DA:202,3
DA:203,3
DA:204,3
DA:205,3
DA:206,3
DA:207,3
DA:210,3
DA:211,3
DA:212,3
DA:213,3
DA:214,3
DA:215,3
DA:219,6
DA:220,16
DA:222,6
DA:223,8
DA:224,0
DA:226,8
DA:227,8
DA:228,8
DA:229,8
DA:235,8
DA:238,8
DA:239,1
DA:241,7
DA:242,7
DA:243,7
DA:244,7
DA:245,7
DA:246,7
DA:251,7
DA:252,7
DA:253,7
DA:255,7
DA:256,7
DA:259,1
DA:260,1
DA:262,8
DA:266,6
DA:267,1
DA:268,1
DA:272,1
DA:275,6
DA:276,0
DA:277,0
DA:278,0
DA:281,6
DA:282,1
DA:283,1
DA:284,1
DA:288,6
DA:289,6
DA:290,2
DA:291,0
DA:293,2
DA:294,2
DA:299,2
DA:303,6
DA:306,2
DA:307,2
DA:310,17
DA:311,17
DA:312,17
DA:313,17
DA:315,0
DA:316,0
DA:317,0
DA:318,0
DA:319,0
DA:320,0
DA:321,0
DA:323,0
DA:324,0
DA:325,0
DA:329,0
DA:330,0
DA:331,0
DA:332,0
DA:333,0
DA:335,0
DA:336,0
DA:337,0
DA:338,0
DA:341,0
DA:342,0
DA:344,0
DA:345,0
DA:346,0
DA:347,0
DA:348,0
DA:350,0
DA:351,0
DA:356,0
DA:358,0
DA:359,0
DA:361,0
DA:365,0
DA:366,0
DA:367,0
DA:370,0
DA:371,0
DA:372,0
DA:373,0
DA:374,0
DA:375,0
DA:377,0
DA:378,0
DA:379,0
DA:381,0
DA:387,0
DA:388,0
DA:389,0
DA:390,0
DA:392,0
DA:393,0
DA:394,0
DA:395,0
DA:396,0
DA:397,0
DA:398,0
DA:399,0
DA:400,0
DA:401,0
DA:402,0
DA:403,0
DA:404,0
DA:405,0
DA:406,0
DA:407,0
DA:408,0
DA:409,0
DA:410,0
DA:411,0
DA:416,0
DA:432,0
DA:433,0
DA:434,0
DA:438,0
DA:439,0
DA:440,0
DA:441,0
DA:443,0
DA:444,0
DA:445,0
DA:446,0
DA:447,0
DA:448,0
DA:450,0
DA:451,0
DA:452,0
DA:453,0
DA:454,0
DA:455,0
DA:456,0
DA:458,0
DA:459,0
DA:463,0
DA:464,0
DA:465,0
DA:466,0
DA:469,0
DA:470,0
DA:471,0
DA:473,0
DA:474,0
DA:475,0
DA:477,0
DA:478,0
DA:479,0
DA:481,0
DA:482,0
DA:483,0
DA:485,0
DA:486,0
DA:487,0
DA:492,0
DA:493,0
DA:495,0
DA:499,0
DA:500,0
DA:502,0
DA:505,0
DA:510,0
DA:512,0
DA:515,0
DA:518,0
DA:522,0
DA:524,0
DA:529,0
DA:530,0
DA:531,0
DA:532,0
DA:534,0
DA:535,0
DA:536,0
DA:538,0
DA:539,0
DA:540,0
DA:543,0
DA:544,0
DA:545,0
DA:547,0
DA:548,0
DA:549,0
DA:550,0
DA:551,0
DA:553,0
DA:554,0
DA:555,0
DA:559,0
DA:560,0
DA:561,0
DA:562,0
DA:567,17
DA:568,17
DA:569,17
DA:571,0
DA:572,0
DA:573,0
DA:574,0
DA:575,0
DA:578,0
DA:579,0
DA:580,0
DA:581,0
DA:582,0
DA:583,0
DA:585,0
DA:588,0
DA:589,0
DA:591,0
DA:592,0
DA:593,0
DA:594,0
DA:597,0
DA:598,0
DA:599,0
DA:604,0
DA:605,0
LF:373
LH:191
BRDA:6,0,0,13
BRDA:6,0,1,4
BRDA:17,1,0,5
BRDA:17,1,1,0
BRDA:27,2,0,1
BRDA:27,2,1,1
BRDA:33,3,0,2
BRDA:33,3,1,0
BRDA:33,4,0,2
BRDA:33,4,1,2
BRDA:41,5,0,7
BRDA:41,5,1,0
BRDA:42,6,0,7
BRDA:42,6,1,0
BRDA:43,7,0,0
BRDA:43,7,1,7
BRDA:46,8,0,1
BRDA:46,8,1,6
BRDA:58,9,0,1
BRDA:58,9,1,5
BRDA:62,10,0,5
BRDA:62,10,1,1
BRDA:74,11,0,0
BRDA:74,11,1,4
BRDA:78,12,0,1
BRDA:78,12,1,3
BRDA:82,13,0,3
BRDA:82,13,1,0
BRDA:83,14,0,3
BRDA:83,14,1,3
BRDA:85,15,0,3
BRDA:85,15,1,1
BRDA:88,16,0,3
BRDA:88,16,1,0
BRDA:92,17,0,3
BRDA:92,17,1,0
BRDA:103,18,0,1
BRDA:103,18,1,2
BRDA:108,19,0,2
BRDA:108,19,1,1
BRDA:111,20,0,2
BRDA:111,20,1,0
BRDA:117,21,0,1
BRDA:117,21,1,1
BRDA:119,22,0,1
BRDA:119,22,1,0
BRDA:125,23,0,3
BRDA:125,23,1,0
BRDA:128,24,0,0
BRDA:128,24,1,3
BRDA:148,25,0,16
BRDA:148,25,1,1
BRDA:153,26,0,0
BRDA:153,26,1,2
BRDA:157,27,0,2
BRDA:157,27,1,0
BRDA:158,28,0,2
BRDA:158,28,1,0
BRDA:167,29,0,11
BRDA:167,29,1,6
BRDA:182,30,0,0
BRDA:183,31,0,0
BRDA:183,31,1,7
BRDA:186,32,0,6
BRDA:186,32,1,1
BRDA:189,33,0,4
BRDA:189,33,1,3
BRDA:189,34,0,7
BRDA:189,34,1,4
BRDA:199,35,0,3
BRDA:199,35,1,0
BRDA:200,36,0,3
BRDA:200,36,1,0
BRDA:203,37,0,3
BRDA:203,37,1,0
BRDA:205,38,0,3
BRDA:205,38,1,0
BRDA:207,39,0,3
BRDA:207,39,1,0
BRDA:222,40,0,0
BRDA:222,41,0,7
BRDA:223,42,0,0
BRDA:223,42,1,8
BRDA:238,43,0,1
BRDA:238,43,1,7
BRDA:242,44,0,7
BRDA:242,44,1,0
BRDA:246,45,0,6
BRDA:246,45,1,1
BRDA:252,46,0,7
BRDA:252,46,1,0
BRDA:255,47,0,7
BRDA:255,47,1,0
BRDA:269,48,0,1
BRDA:269,48,1,0
BRDA:270,49,0,1
BRDA:270,49,1,0
BRDA:282,50,0,1
BRDA:282,50,1,0
BRDA:290,51,0,0
BRDA:290,51,1,2
BRDA:293,52,0,2
BRDA:293,52,1,0
BRDA:312,53,0,17
BRDA:312,53,1,0
BRDA:312,54,0,17
BRDA:312,54,1,0
BRDA:321,55,0,0
BRDA:321,55,1,0
BRDA:324,56,0,0
BRDA:324,56,1,0
BRDA:329,57,0,0
BRDA:332,58,0,0
BRDA:332,58,1,0
BRDA:341,59,0,0
BRDA:341,59,1,0
BRDA:347,60,0,0
BRDA:347,60,1,0
BRDA:351,61,0,0
BRDA:351,61,1,0
BRDA:374,62,0,0
BRDA:374,62,1,0
BRDA:378,63,0,0
BRDA:378,63,1,0
BRDA:388,64,0,0
BRDA:388,64,1,0
BRDA:403,65,0,0
BRDA:403,65,1,0
BRDA:440,66,0,0
BRDA:440,66,1,0
BRDA:443,67,0,0
BRDA:443,67,1,0
BRDA:443,68,0,0
BRDA:443,68,1,0
BRDA:445,69,0,0
BRDA:445,69,1,0
BRDA:445,70,0,0
BRDA:445,70,1,0
BRDA:450,71,0,0
BRDA:450,71,1,0
BRDA:462,72,0,0
BRDA:462,73,0,0
BRDA:465,74,0,0
BRDA:465,74,1,0
BRDA:466,75,0,0
BRDA:466,75,1,0
BRDA:470,76,0,0
BRDA:470,76,1,0
BRDA:471,77,0,0
BRDA:471,77,1,0
BRDA:474,78,0,0
BRDA:474,78,1,0
BRDA:475,79,0,0
BRDA:475,79,1,0
BRDA:478,80,0,0
BRDA:478,80,1,0
BRDA:479,81,0,0
BRDA:479,81,1,0
BRDA:482,82,0,0
BRDA:482,82,1,0
BRDA:486,83,0,0
BRDA:486,83,1,0
BRDA:492,84,0,0
BRDA:492,84,1,0
BRDA:492,85,0,0
BRDA:492,85,1,0
BRDA:499,86,0,0
BRDA:499,86,1,0
BRDA:510,87,0,0
BRDA:510,87,1,0
BRDA:510,87,2,0
BRDA:510,87,3,0
BRDA:510,87,4,0
BRDA:510,87,5,0
BRDA:510,87,6,0
BRDA:510,87,7,0
BRDA:510,87,8,0
BRDA:531,88,0,0
BRDA:531,88,1,0
BRDA:532,89,0,0
BRDA:532,89,1,0
BRDA:535,90,0,0
BRDA:535,90,1,0
BRDA:544,91,0,0
BRDA:544,91,1,0
BRDA:547,92,0,0
BRDA:547,92,1,0
BRDA:548,93,0,0
BRDA:548,93,1,0
BRDA:561,94,0,0
BRDA:561,94,1,0
BRDA:568,95,0,17
BRDA:568,95,1,0
BRDA:574,96,0,0
BRDA:574,96,1,0
BRDA:574,97,0,0
BRDA:574,97,1,0
BRDA:582,98,0,0
BRDA:582,98,1,0
BRDA:588,99,0,0
BRDA:588,99,1,0
BRDA:592,100,0,0
BRDA:592,100,1,0
BRDA:593,101,0,0
BRDA:593,101,1,0
BRDA:598,102,0,0
BRDA:598,102,1,0
BRF:207
BRH:73
end_of_record
TN:
SF:src\interfaces\web\static\js\settings.js
FN:3,bindAjaxForms
FN:4,(anonymous_1)
FN:6,(anonymous_2)
FN:39,(anonymous_3)
FN:46,(anonymous_4)
FN:69,bindTemplateActions
FN:77,(anonymous_6)
FN:78,(anonymous_7)
FN:81,(anonymous_8)
FN:82,(anonymous_9)
FN:90,(anonymous_10)
FN:91,(anonymous_11)
FN:106,(anonymous_12)
FN:124,(anonymous_13)
FN:125,(anonymous_14)
FN:143,(anonymous_15)
FN:144,(anonymous_16)
FN:186,initSettings
FN:190,initTemplateSettings
FNF:19
FNH:15
FNDA:5,bindAjaxForms
FNDA:5,(anonymous_1)
FNDA:5,(anonymous_2)
FNDA:0,(anonymous_3)
FNDA:1,(anonymous_4)
FNDA:8,bindTemplateActions
FNDA:7,(anonymous_6)
FNDA:0,(anonymous_7)
FNDA:7,(anonymous_8)
FNDA:5,(anonymous_9)
FNDA:0,(anonymous_10)
FNDA:0,(anonymous_11)
FNDA:1,(anonymous_12)
FNDA:7,(anonymous_13)
FNDA:3,(anonymous_14)
FNDA:14,(anonymous_15)
FNDA:3,(anonymous_16)
FNDA:5,initSettings
FNDA:8,initTemplateSettings
DA:4,5
DA:5,5
DA:6,5
DA:7,5
DA:8,1
DA:10,4
DA:11,4
DA:12,4
DA:13,4
DA:14,4
DA:15,4
DA:16,4
DA:17,4
DA:19,4
DA:20,4
DA:22,4
DA:23,4
DA:24,4
DA:25,4
DA:26,4
DA:27,4
DA:36,4
DA:37,3
DA:39,1
DA:41,1
DA:42,1
DA:43,1
DA:44,1
DA:47,1
DA:51,3
DA:52,3
DA:54,4
DA:55,4
DA:57,4
DA:58,4
DA:59,4
DA:60,4
DA:61,4
DA:70,8
DA:75,7
DA:76,7
DA:77,7
DA:78,7
DA:80,7
DA:81,7
DA:82,7
DA:83,5
DA:88,5
DA:90,0
DA:91,5
DA:92,5
DA:93,1
DA:94,1
DA:96,4
DA:97,4
DA:99,4
DA:101,4
DA:102,4
DA:103,4
DA:106,7
DA:107,1
DA:108,1
DA:109,1
DA:110,1
DA:111,1
DA:116,1
DA:117,1
DA:118,1
DA:120,0
DA:124,7
DA:125,7
DA:126,3
DA:127,3
DA:128,1
DA:130,2
DA:134,2
DA:135,1
DA:136,1
DA:138,1
DA:139,1
DA:143,7
DA:144,14
DA:145,3
DA:147,3
DA:148,2
DA:149,1
DA:150,1
DA:152,3
DA:153,0
DA:155,3
DA:156,3
DA:157,1
DA:158,1
DA:160,2
DA:161,2
DA:162,2
DA:163,2
DA:164,2
DA:169,2
DA:170,0
DA:172,2
DA:173,2
DA:176,2
DA:177,2
DA:180,0
DA:187,5
DA:191,8
LF:107
LH:102
BRDA:7,0,0,1
BRDA:7,0,1,4
BRDA:11,1,0,4
BRDA:11,1,1,0
BRDA:13,2,0,4
BRDA:13,2,1,0
BRDA:14,3,0,4
BRDA:14,3,1,0
BRDA:15,4,0,4
BRDA:15,4,1,2
BRDA:19,5,0,4
BRDA:19,5,1,0
BRDA:23,6,0,4
BRDA:23,6,1,0
BRDA:24,7,0,4
BRDA:24,7,1,4
BRDA:36,8,0,3
BRDA:36,8,1,1
BRDA:41,9,0,1
BRDA:41,9,1,1
BRDA:41,9,2,0
BRDA:43,10,0,1
BRDA:43,10,1,0
BRDA:43,11,0,1
BRDA:43,11,1,1
BRDA:51,12,0,3
BRDA:51,12,1,2
BRDA:54,13,0,4
BRDA:54,13,1,0
BRDA:57,14,0,4
BRDA:57,14,1,0
BRDA:60,15,0,4
BRDA:60,15,1,0
BRDA:92,16,0,1
BRDA:92,16,1,4
BRDA:98,17,0,4
BRDA:98,17,1,0
BRDA:98,17,2,0
BRDA:100,18,0,4
BRDA:100,18,1,0
BRDA:100,18,2,0
BRDA:101,19,0,4
BRDA:101,19,1,0
BRDA:101,19,2,0
BRDA:102,20,0,4
BRDA:102,20,1,0
BRDA:116,21,0,1
BRDA:116,21,1,0
BRDA:127,22,0,1
BRDA:127,22,1,2
BRDA:127,23,0,3
BRDA:127,23,1,3
BRDA:134,24,0,1
BRDA:134,24,1,1
BRDA:147,25,0,2
BRDA:147,25,1,1
BRDA:149,26,0,1
BRDA:149,26,1,0
BRDA:152,27,0,0
BRDA:152,27,1,3
BRDA:156,28,0,1
BRDA:156,28,1,2
BRDA:156,29,0,3
BRDA:156,29,1,3
BRDA:169,30,0,0
BRDA:169,30,1,2
BRDA:176,31,0,2
BRDA:176,31,1,0
BRDA:177,32,0,2
BRDA:177,32,1,0
BRF:70
BRH:47
end_of_record
